<?xml version="1.0" encoding="UTF-8"?>
<testng-results ignored="0" total="1" passed="1" failed="0" skipped="0">
  <reporter-output>
  </reporter-output>
  <suite started-at="2020-06-28T15:05:05 IST" name="Suite" finished-at="2020-06-28T15:05:11 IST" duration-ms="5407">
    <groups>
    </groups>
    <test started-at="2020-06-28T15:05:05 IST" name="Test" finished-at="2020-06-28T15:05:11 IST" duration-ms="5407">
      <class name="monica.selenium_GIT_genkins">
        <test-method is-config="true" signature="beforeSuite()[pri:0, instance:monica.selenium_GIT_genkins@6cc7b4de]" started-at="2020-06-28T15:04:57 IST" name="beforeSuite" finished-at="2020-06-28T15:05:05 IST" duration-ms="8560" status="PASS">
          <reporter-output>
          </reporter-output>
        </test-method> <!-- beforeSuite -->
        <test-method signature="f()[pri:0, instance:monica.selenium_GIT_genkins@6cc7b4de]" started-at="2020-06-28T15:05:05 IST" name="f" finished-at="2020-06-28T15:05:11 IST" duration-ms="5364" status="PASS">
          <reporter-output>
          </reporter-output>
        </test-method> <!-- f -->
        <test-method is-config="true" signature="afterSuite()[pri:0, instance:monica.selenium_GIT_genkins@6cc7b4de]" started-at="2020-06-28T15:05:11 IST" name="afterSuite" finished-at="2020-06-28T15:05:12 IST" duration-ms="780" status="PASS">
          <reporter-output>
          </reporter-output>
        </test-method> <!-- afterSuite -->
      </class> <!-- monica.selenium_GIT_genkins -->
    </test> <!-- Test -->
  </suite> <!-- Suite -->
</testng-results>
